<?xml version="1.0" encoding="UTF-8" ?>
<testsuite tests="10" failures="2" name="TestSuite" time="15.185" errors="0" skipped="0">
  <properties>
[...]
</properties>
  <testcase classname="alerts.alertTest" name="testAcceptAlert" time="0.34"/>
  <testcase classname="alerts.alertTest" name="testGetTextFromAlert" time="0.31"/>
  <testcase classname="alerts.alertTest" name="testSetInputInAlert" time="0.332"/>
  <testcase classname="control.ControlTest" name="controlTest" time="0.25"/>
  <testcase classname="dropdown.DropdownTest" name="testSelectedOption" time="0.425"/>
  <testcase classname="hover.HoverTest" name="testHoverUser1" time="0.65"/>
  <testcase classname="login.modal.ModalTest" name="testCloseModal" time="1.027"/>
  <testcase classname="login.modal.ModalTest" name="testModalContent" time="5.568">
    <failure message="Expected condition failed: waiting for visibility of [[ChromeDriver: chrome on WINDOWS (7f157aac8e708f8a4772f0b880e2f574)] -&gt; css selector: .modal-body p] (tried for 5 second(s) with 500 milliseconds interval)
Build info: version: &apos;4.6.0&apos;, revision: &apos;79f1c02ae20&apos;
System info: os.name: &apos;Windows 11&apos;, os.arch: &apos;amd64&apos;, os.version: &apos;10.0&apos;, java.version: &apos;19.0.1&apos;
Driver info: org.openqa.selenium.chrome.ChromeDriver
Capabilities {acceptInsecureCerts: false, browserName: chrome, browserVersion: 107.0.5304.107, chrome: {chromedriverVersion: 107.0.5304.62 (1eec40d3a576..., userDataDir: C:\Users\HECTOR~1\AppData\L...}, goog:chromeOptions: {debuggerAddress: localhost:64686}, networkConnectionEnabled: false, pageLoadStrategy: normal, platformName: WINDOWS, proxy: Proxy(), se:cdp: ws://localhost:64686/devtoo..., se:cdpVersion: 107.0.5304.107, setWindowRect: true, strictFileInteractability: false, timeouts: {implicit: 0, pageLoad: 300000, script: 30000}, unhandledPromptBehavior: dismiss and notify, webauthn:extension:credBlob: true, webauthn:extension:largeBlob: true, webauthn:virtualAuthenticators: true}
Session ID: 7f157aac8e708f8a4772f0b880e2f574" type="org.openqa.selenium.TimeoutException">org.openqa.selenium.TimeoutException: Expected condition failed: waiting for visibility of [[ChromeDriver: chrome on WINDOWS (7f157aac8e708f8a4772f0b880e2f574)] -&gt; css selector: .modal-body p] (tried for 5 second(s) with 500 milliseconds interval)
Build info: version: &apos;4.6.0&apos;, revision: &apos;79f1c02ae20&apos;
System info: os.name: &apos;Windows 11&apos;, os.arch: &apos;amd64&apos;, os.version: &apos;10.0&apos;, java.version: &apos;19.0.1&apos;
Driver info: org.openqa.selenium.chrome.ChromeDriver
Capabilities {acceptInsecureCerts: false, browserName: chrome, browserVersion: 107.0.5304.107, chrome: {chromedriverVersion: 107.0.5304.62 (1eec40d3a576..., userDataDir: C:\Users\HECTOR~1\AppData\L...}, goog:chromeOptions: {debuggerAddress: localhost:64686}, networkConnectionEnabled: false, pageLoadStrategy: normal, platformName: WINDOWS, proxy: Proxy(), se:cdp: ws://localhost:64686/devtoo..., se:cdpVersion: 107.0.5304.107, setWindowRect: true, strictFileInteractability: false, timeouts: {implicit: 0, pageLoad: 300000, script: 30000}, unhandledPromptBehavior: dismiss and notify, webauthn:extension:credBlob: true, webauthn:extension:largeBlob: true, webauthn:virtualAuthenticators: true}
Session ID: 7f157aac8e708f8a4772f0b880e2f574
	at org.openqa.selenium.support.ui.WebDriverWait.timeoutException(WebDriverWait.java:87)
	at org.openqa.selenium.support.ui.FluentWait.until(FluentWait.java:231)
	at pages.ModalPage.getModalText(ModalPage.java:37)
	at login.modal.ModalTest.testModalContent(ModalTest.java:21)
</failure>
  </testcase>
  <testcase classname="login.modal.ModalTest" name="testModalTitle" time="5.6">
    <failure message="Expected condition failed: waiting for visibility of [[ChromeDriver: chrome on WINDOWS (7f157aac8e708f8a4772f0b880e2f574)] -&gt; css selector: .modal h3] (tried for 5 second(s) with 500 milliseconds interval)
Build info: version: &apos;4.6.0&apos;, revision: &apos;79f1c02ae20&apos;
System info: os.name: &apos;Windows 11&apos;, os.arch: &apos;amd64&apos;, os.version: &apos;10.0&apos;, java.version: &apos;19.0.1&apos;
Driver info: org.openqa.selenium.chrome.ChromeDriver
Capabilities {acceptInsecureCerts: false, browserName: chrome, browserVersion: 107.0.5304.107, chrome: {chromedriverVersion: 107.0.5304.62 (1eec40d3a576..., userDataDir: C:\Users\HECTOR~1\AppData\L...}, goog:chromeOptions: {debuggerAddress: localhost:64686}, networkConnectionEnabled: false, pageLoadStrategy: normal, platformName: WINDOWS, proxy: Proxy(), se:cdp: ws://localhost:64686/devtoo..., se:cdpVersion: 107.0.5304.107, setWindowRect: true, strictFileInteractability: false, timeouts: {implicit: 0, pageLoad: 300000, script: 30000}, unhandledPromptBehavior: dismiss and notify, webauthn:extension:credBlob: true, webauthn:extension:largeBlob: true, webauthn:virtualAuthenticators: true}
Session ID: 7f157aac8e708f8a4772f0b880e2f574" type="org.openqa.selenium.TimeoutException">org.openqa.selenium.TimeoutException: Expected condition failed: waiting for visibility of [[ChromeDriver: chrome on WINDOWS (7f157aac8e708f8a4772f0b880e2f574)] -&gt; css selector: .modal h3] (tried for 5 second(s) with 500 milliseconds interval)
Build info: version: &apos;4.6.0&apos;, revision: &apos;79f1c02ae20&apos;
System info: os.name: &apos;Windows 11&apos;, os.arch: &apos;amd64&apos;, os.version: &apos;10.0&apos;, java.version: &apos;19.0.1&apos;
Driver info: org.openqa.selenium.chrome.ChromeDriver
Capabilities {acceptInsecureCerts: false, browserName: chrome, browserVersion: 107.0.5304.107, chrome: {chromedriverVersion: 107.0.5304.62 (1eec40d3a576..., userDataDir: C:\Users\HECTOR~1\AppData\L...}, goog:chromeOptions: {debuggerAddress: localhost:64686}, networkConnectionEnabled: false, pageLoadStrategy: normal, platformName: WINDOWS, proxy: Proxy(), se:cdp: ws://localhost:64686/devtoo..., se:cdpVersion: 107.0.5304.107, setWindowRect: true, strictFileInteractability: false, timeouts: {implicit: 0, pageLoad: 300000, script: 30000}, unhandledPromptBehavior: dismiss and notify, webauthn:extension:credBlob: true, webauthn:extension:largeBlob: true, webauthn:virtualAuthenticators: true}
Session ID: 7f157aac8e708f8a4772f0b880e2f574
	at org.openqa.selenium.support.ui.WebDriverWait.timeoutException(WebDriverWait.java:87)
	at org.openqa.selenium.support.ui.FluentWait.until(FluentWait.java:231)
	at pages.ModalPage.getModalTitle(ModalPage.java:31)
	at login.modal.ModalTest.testModalTitle(ModalTest.java:15)
</failure>
  </testcase>
  <testcase classname="rightClick.rightClickTest" name="testRightClick" time="0.683"/>
</testsuite>